# JRE version: Java(TM) SE Runtime Environment (8.0_25-b17) (build 1.8.0_25-b17)
# Java VM: Java HotSpot(TM) 64-Bit Server VM (25.25-b02 mixed mode bsd-amd64 compressed oops)
Heap:
 PSYoungGen      total 221696K, used 80671K [0x0000000795580000, 0x00000007a5300000, 0x00000007c0000000)
  eden space 214528K, 35% used [0x0000000795580000,0x0000000799f2db68,0x00000007a2700000)
  from space 7168K, 72% used [0x00000007a4c00000,0x00000007a511a378,0x00000007a5300000)
  to   space 22528K, 0% used [0x00000007a2700000,0x00000007a2700000,0x00000007a3d00000)
 ParOldGen       total 130048K, used 48373K [0x0000000740000000, 0x0000000747f00000, 0x0000000795580000)
  object space 130048K, 37% used [0x0000000740000000,0x0000000742f3d6a0,0x0000000747f00000)
 Metaspace       used 41920K, capacity 43550K, committed 43736K, reserved 1087488K
  class space    used 5515K, capacity 5788K, committed 5888K, reserved 1048576K
GC Heap History (10 events):
Event: 3.881 GC heap before
{Heap before GC invocations=10 (full 1):
 PSYoungGen      total 131584K, used 128999K [0x0000000795580000, 0x000000079f200000, 0x00000007c0000000)
  eden space 112640K, 100% used [0x0000000795580000,0x000000079c380000,0x000000079c380000)
  from space 18944K, 86% used [0x000000079d800000,0x000000079e7f9de8,0x000000079ea80000)
  to   space 20992K, 0% used [0x000000079c380000,0x000000079c380000,0x000000079d800000)
 ParOldGen       total 66560K, used 30486K [0x0000000740000000, 0x0000000744100000, 0x0000000795580000)
  object space 66560K, 45% used [0x0000000740000000,0x0000000741dc5ad0,0x0000000744100000)
 Metaspace       used 32614K, capacity 34046K, committed 34304K, reserved 1079296K
  class space    used 4515K, capacity 4764K, committed 4864K, reserved 1048576K
Event: 3.904 GC heap after
Heap after GC invocations=10 (full 1):
 PSYoungGen      total 133632K, used 19809K [0x0000000795580000, 0x00000007a1f80000, 0x00000007c0000000)
  eden space 112640K, 0% used [0x0000000795580000,0x0000000795580000,0x000000079c380000)
  from space 20992K, 94% used [0x000000079c380000,0x000000079d6d8528,0x000000079d800000)
  to   space 23040K, 0% used [0x00000007a0900000,0x00000007a0900000,0x00000007a1f80000)
 ParOldGen       total 66560K, used 34590K [0x0000000740000000, 0x0000000744100000, 0x0000000795580000)
  object space 66560K, 51% used [0x0000000740000000,0x00000007421c7bf8,0x0000000744100000)
 Metaspace       used 32614K, capacity 34046K, committed 34304K, reserved 1079296K
  class space    used 4515K, capacity 4764K, committed 4864K, reserved 1048576K
}
Event: 4.215 GC heap before
{Heap before GC invocations=11 (full 1):
 PSYoungGen      total 133632K, used 132449K [0x0000000795580000, 0x00000007a1f80000, 0x00000007c0000000)
  eden space 112640K, 100% used [0x0000000795580000,0x000000079c380000,0x000000079c380000)
  from space 20992K, 94% used [0x000000079c380000,0x000000079d6d8528,0x000000079d800000)
  to   space 23040K, 0% used [0x00000007a0900000,0x00000007a0900000,0x00000007a1f80000)
 ParOldGen       total 66560K, used 34590K [0x0000000740000000, 0x0000000744100000, 0x0000000795580000)
  object space 66560K, 51% used [0x0000000740000000,0x00000007421c7bf8,0x0000000744100000)
 Metaspace       used 33099K, capacity 34500K, committed 34816K, reserved 1079296K
  class space    used 4564K, capacity 4829K, committed 4864K, reserved 1048576K
Event: 4.242 GC heap after
Heap after GC invocations=11 (full 1):
 PSYoungGen      total 183808K, used 11366K [0x0000000795580000, 0x00000007a1e80000, 0x00000007c0000000)
  eden space 161792K, 0% used [0x0000000795580000,0x0000000795580000,0x000000079f380000)
  from space 22016K, 51% used [0x00000007a0900000,0x00000007a1419b48,0x00000007a1e80000)
  to   space 22016K, 0% used [0x000000079f380000,0x000000079f380000,0x00000007a0900000)
 ParOldGen       total 66560K, used 45948K [0x0000000740000000, 0x0000000744100000, 0x0000000795580000)
  object space 66560K, 69% used [0x0000000740000000,0x0000000742cdf108,0x0000000744100000)
 Metaspace       used 33099K, capacity 34500K, committed 34816K, reserved 1079296K
  class space    used 4564K, capacity 4829K, committed 4864K, reserved 1048576K
}
Event: 4.809 GC heap before
{Heap before GC invocations=12 (full 1):
 PSYoungGen      total 183808K, used 128483K [0x0000000795580000, 0x00000007a1e80000, 0x00000007c0000000)
  eden space 161792K, 72% used [0x0000000795580000,0x000000079c7df130,0x000000079f380000)
  from space 22016K, 51% used [0x00000007a0900000,0x00000007a1419b48,0x00000007a1e80000)
  to   space 22016K, 0% used [0x000000079f380000,0x000000079f380000,0x00000007a0900000)
 ParOldGen       total 66560K, used 45948K [0x0000000740000000, 0x0000000744100000, 0x0000000795580000)
  object space 66560K, 69% used [0x0000000740000000,0x0000000742cdf108,0x0000000744100000)
 Metaspace       used 33822K, capacity 35408K, committed 35672K, reserved 1079296K
  class space    used 4638K, capacity 4927K, committed 4992K, reserved 1048576K
Event: 4.828 GC heap after
Heap after GC invocations=12 (full 1):
 PSYoungGen      total 183808K, used 3331K [0x0000000795580000, 0x00000007a6200000, 0x00000007c0000000)
  eden space 161792K, 0% used [0x0000000795580000,0x0000000795580000,0x000000079f380000)
  from space 22016K, 15% used [0x000000079f380000,0x000000079f6c0e20,0x00000007a0900000)
  to   space 22528K, 0% used [0x00000007a4c00000,0x00000007a4c00000,0x00000007a6200000)
 ParOldGen       total 66560K, used 56463K [0x0000000740000000, 0x0000000744100000, 0x0000000795580000)
  object space 66560K, 84% used [0x0000000740000000,0x0000000743723ed0,0x0000000744100000)
 Metaspace       used 33822K, capacity 35408K, committed 35672K, reserved 1079296K
  class space    used 4638K, capacity 4927K, committed 4992K, reserved 1048576K
}
Event: 4.828 GC heap before
{Heap before GC invocations=13 (full 2):
 PSYoungGen      total 183808K, used 3331K [0x0000000795580000, 0x00000007a6200000, 0x00000007c0000000)
  eden space 161792K, 0% used [0x0000000795580000,0x0000000795580000,0x000000079f380000)
  from space 22016K, 15% used [0x000000079f380000,0x000000079f6c0e20,0x00000007a0900000)
  to   space 22528K, 0% used [0x00000007a4c00000,0x00000007a4c00000,0x00000007a6200000)
 ParOldGen       total 66560K, used 56463K [0x0000000740000000, 0x0000000744100000, 0x0000000795580000)
  object space 66560K, 84% used [0x0000000740000000,0x0000000743723ed0,0x0000000744100000)
 Metaspace       used 33822K, capacity 35408K, committed 35672K, reserved 1079296K
  class space    used 4638K, capacity 4927K, committed 4992K, reserved 1048576K
Event: 4.982 GC heap after
Heap after GC invocations=13 (full 2):
 PSYoungGen      total 183808K, used 0K [0x0000000795580000, 0x00000007a6200000, 0x00000007c0000000)
  eden space 161792K, 0% used [0x0000000795580000,0x0000000795580000,0x000000079f380000)
  from space 22016K, 0% used [0x000000079f380000,0x000000079f380000,0x00000007a0900000)
  to   space 22528K, 0% used [0x00000007a4c00000,0x00000007a4c00000,0x00000007a6200000)
 ParOldGen       total 130048K, used 48365K [0x0000000740000000, 0x0000000747f00000, 0x0000000795580000)
  object space 130048K, 37% used [0x0000000740000000,0x0000000742f3b6a0,0x0000000747f00000)
 Metaspace       used 33801K, capacity 35360K, committed 35672K, reserved 1079296K
  class space    used 4634K, capacity 4919K, committed 4992K, reserved 1048576K
}
Event: 16.607 GC heap before
{Heap before GC invocations=14 (full 2):
 PSYoungGen      total 183808K, used 160854K [0x0000000795580000, 0x00000007a6200000, 0x00000007c0000000)
  eden space 161792K, 99% used [0x0000000795580000,0x000000079f295938,0x000000079f380000)
  from space 22016K, 0% used [0x000000079f380000,0x000000079f380000,0x00000007a0900000)
  to   space 22528K, 0% used [0x00000007a4c00000,0x00000007a4c00000,0x00000007a6200000)
 ParOldGen       total 130048K, used 48365K [0x0000000740000000, 0x0000000747f00000, 0x0000000795580000)
  object space 130048K, 37% used [0x0000000740000000,0x0000000742f3b6a0,0x0000000747f00000)
 Metaspace       used 41368K, capacity 42878K, committed 43096K, reserved 1087488K
  class space    used 5459K, capacity 5744K, committed 5760K, reserved 1048576K
Event: 16.619 GC heap after
Heap after GC invocations=14 (full 2):
 PSYoungGen      total 221696K, used 5224K [0x0000000795580000, 0x00000007a5300000, 0x00000007c0000000)
  eden space 214528K, 0% used [0x0000000795580000,0x0000000795580000,0x00000007a2700000)
  from space 7168K, 72% used [0x00000007a4c00000,0x00000007a511a378,0x00000007a5300000)
  to   space 22528K, 0% used [0x00000007a2700000,0x00000007a2700000,0x00000007a3d00000)
 ParOldGen       total 130048K, used 48373K [0x0000000740000000, 0x0000000747f00000, 0x0000000795580000)
  object space 130048K, 37% used [0x0000000740000000,0x0000000742f3d6a0,0x0000000747f00000)
 Metaspace       used 41368K, capacity 42878K, committed 43096K, reserved 1087488K
  class space    used 5459K, capacity 5744K, committed 5760K, reserved 1048576K
}

