# JRE version: Java(TM) SE Runtime Environment (8.0_25-b17) (build 1.8.0_25-b17)
# Java VM: Java HotSpot(TM) 64-Bit Server VM (25.25-b02 mixed mode linux-amd64 compressed oops)
Heap:
 PSYoungGen      total 206848K, used 26090K [0x00000000d6d80000, 0x00000000e5700000, 0x0000000100000000)
  eden space 180736K, 0% used [0x00000000d6d80000,0x00000000d6d80000,0x00000000e1e00000)
  from space 26112K, 99% used [0x00000000e1e00000,0x00000000e377a910,0x00000000e3780000)
  to   space 20480K, 0% used [0x00000000e3780000,0x00000000e3780000,0x00000000e4b80000)
 ParOldGen       total 126464K, used 50985K [0x0000000084800000, 0x000000008c380000, 0x00000000d6d80000)
  object space 126464K, 40% used [0x0000000084800000,0x00000000879ca588,0x000000008c380000)
 Metaspace       used 42038K, capacity 43924K, committed 44248K, reserved 1087488K
  class space    used 5503K, capacity 5791K, committed 5888K, reserved 1048576K
GC Heap History (10 events):
Event: 73.875 GC heap after
Heap after GC invocations=8 (full 2):
 PSYoungGen      total 128512K, used 0K [0x00000000d6d80000, 0x00000000e1300000, 0x0000000100000000)
  eden space 118272K, 0% used [0x00000000d6d80000,0x00000000d6d80000,0x00000000de100000)
  from space 10240K, 0% used [0x00000000dee80000,0x00000000dee80000,0x00000000df880000)
  to   space 13824K, 0% used [0x00000000de100000,0x00000000de100000,0x00000000dee80000)
 ParOldGen       total 126464K, used 32595K [0x0000000084800000, 0x000000008c380000, 0x00000000d6d80000)
  object space 126464K, 25% used [0x0000000084800000,0x00000000867d4e50,0x000000008c380000)
 Metaspace       used 33558K, capacity 35290K, committed 35416K, reserved 1079296K
  class space    used 4562K, capacity 4868K, committed 4992K, reserved 1048576K
}
Event: 76.216 GC heap before
{Heap before GC invocations=9 (full 2):
 PSYoungGen      total 128512K, used 118272K [0x00000000d6d80000, 0x00000000e1300000, 0x0000000100000000)
  eden space 118272K, 100% used [0x00000000d6d80000,0x00000000de100000,0x00000000de100000)
  from space 10240K, 0% used [0x00000000dee80000,0x00000000dee80000,0x00000000df880000)
  to   space 13824K, 0% used [0x00000000de100000,0x00000000de100000,0x00000000dee80000)
 ParOldGen       total 126464K, used 32595K [0x0000000084800000, 0x000000008c380000, 0x00000000d6d80000)
  object space 126464K, 25% used [0x0000000084800000,0x00000000867d4e50,0x000000008c380000)
 Metaspace       used 39074K, capacity 40812K, committed 41176K, reserved 1085440K
  class space    used 5222K, capacity 5523K, committed 5632K, reserved 1048576K
Event: 76.230 GC heap after
Heap after GC invocations=9 (full 2):
 PSYoungGen      total 132096K, used 13795K [0x00000000d6d80000, 0x00000000e2a00000, 0x0000000100000000)
  eden space 118272K, 0% used [0x00000000d6d80000,0x00000000d6d80000,0x00000000de100000)
  from space 13824K, 99% used [0x00000000de100000,0x00000000dee78f30,0x00000000dee80000)
  to   space 15872K, 0% used [0x00000000e1a80000,0x00000000e1a80000,0x00000000e2a00000)
 ParOldGen       total 126464K, used 34048K [0x0000000084800000, 0x000000008c380000, 0x00000000d6d80000)
  object space 126464K, 26% used [0x0000000084800000,0x0000000086940150,0x000000008c380000)
 Metaspace       used 39074K, capacity 40812K, committed 41176K, reserved 1085440K
  class space    used 5222K, capacity 5523K, committed 5632K, reserved 1048576K
}
Event: 84.228 GC heap before
{Heap before GC invocations=10 (full 2):
 PSYoungGen      total 132096K, used 132067K [0x00000000d6d80000, 0x00000000e2a00000, 0x0000000100000000)
  eden space 118272K, 100% used [0x00000000d6d80000,0x00000000de100000,0x00000000de100000)
  from space 13824K, 99% used [0x00000000de100000,0x00000000dee78f30,0x00000000dee80000)
  to   space 15872K, 0% used [0x00000000e1a80000,0x00000000e1a80000,0x00000000e2a00000)
 ParOldGen       total 126464K, used 34048K [0x0000000084800000, 0x000000008c380000, 0x00000000d6d80000)
  object space 126464K, 26% used [0x0000000084800000,0x0000000086940150,0x000000008c380000)
 Metaspace       used 39877K, capacity 41710K, committed 41944K, reserved 1085440K
  class space    used 5305K, capacity 5598K, committed 5632K, reserved 1048576K
Event: 84.247 GC heap after
Heap after GC invocations=10 (full 2):
 PSYoungGen      total 172544K, used 15521K [0x00000000d6d80000, 0x00000000e2a00000, 0x0000000100000000)
  eden space 156672K, 0% used [0x00000000d6d80000,0x00000000d6d80000,0x00000000e0680000)
  from space 15872K, 97% used [0x00000000e1a80000,0x00000000e29a8418,0x00000000e2a00000)
  to   space 17408K, 0% used [0x00000000e0800000,0x00000000e0800000,0x00000000e1900000)
 ParOldGen       total 126464K, used 34056K [0x0000000084800000, 0x000000008c380000, 0x00000000d6d80000)
  object space 126464K, 26% used [0x0000000084800000,0x0000000086942150,0x000000008c380000)
 Metaspace       used 39877K, capacity 41710K, committed 41944K, reserved 1085440K
  class space    used 5305K, capacity 5598K, committed 5632K, reserved 1048576K
}
Event: 87.553 GC heap before
{Heap before GC invocations=11 (full 2):
 PSYoungGen      total 172544K, used 172193K [0x00000000d6d80000, 0x00000000e2a00000, 0x0000000100000000)
  eden space 156672K, 100% used [0x00000000d6d80000,0x00000000e0680000,0x00000000e0680000)
  from space 15872K, 97% used [0x00000000e1a80000,0x00000000e29a8418,0x00000000e2a00000)
  to   space 17408K, 0% used [0x00000000e0800000,0x00000000e0800000,0x00000000e1900000)
 ParOldGen       total 126464K, used 34056K [0x0000000084800000, 0x000000008c380000, 0x00000000d6d80000)
  object space 126464K, 26% used [0x0000000084800000,0x0000000086942150,0x000000008c380000)
 Metaspace       used 40089K, capacity 41916K, committed 42200K, reserved 1085440K
  class space    used 5316K, capacity 5611K, committed 5632K, reserved 1048576K
Event: 87.571 GC heap after
Heap after GC invocations=11 (full 2):
 PSYoungGen      total 175616K, used 17406K [0x00000000d6d80000, 0x00000000e4b80000, 0x0000000100000000)
  eden space 158208K, 0% used [0x00000000d6d80000,0x00000000d6d80000,0x00000000e0800000)
  from space 17408K, 99% used [0x00000000e0800000,0x00000000e18ffb20,0x00000000e1900000)
  to   space 20480K, 0% used [0x00000000e3780000,0x00000000e3780000,0x00000000e4b80000)
 ParOldGen       total 126464K, used 37189K [0x0000000084800000, 0x000000008c380000, 0x00000000d6d80000)
  object space 126464K, 29% used [0x0000000084800000,0x0000000086c517e0,0x000000008c380000)
 Metaspace       used 40089K, capacity 41916K, committed 42200K, reserved 1085440K
  class space    used 5316K, capacity 5611K, committed 5632K, reserved 1048576K
}
Event: 92.525 GC heap before
{Heap before GC invocations=12 (full 2):
 PSYoungGen      total 175616K, used 175614K [0x00000000d6d80000, 0x00000000e4b80000, 0x0000000100000000)
  eden space 158208K, 100% used [0x00000000d6d80000,0x00000000e0800000,0x00000000e0800000)
  from space 17408K, 99% used [0x00000000e0800000,0x00000000e18ffb20,0x00000000e1900000)
  to   space 20480K, 0% used [0x00000000e3780000,0x00000000e3780000,0x00000000e4b80000)
 ParOldGen       total 126464K, used 37189K [0x0000000084800000, 0x000000008c380000, 0x00000000d6d80000)
  object space 126464K, 29% used [0x0000000084800000,0x0000000086c517e0,0x000000008c380000)
 Metaspace       used 40410K, capacity 42274K, committed 42584K, reserved 1085440K
  class space    used 5331K, capacity 5644K, committed 5760K, reserved 1048576K
Event: 92.546 GC heap after
Heap after GC invocations=12 (full 2):
 PSYoungGen      total 201216K, used 20448K [0x00000000d6d80000, 0x00000000e5700000, 0x0000000100000000)
  eden space 180736K, 0% used [0x00000000d6d80000,0x00000000d6d80000,0x00000000e1e00000)
  from space 20480K, 99% used [0x00000000e3780000,0x00000000e4b783f8,0x00000000e4b80000)
  to   space 26112K, 0% used [0x00000000e1e00000,0x00000000e1e00000,0x00000000e3780000)
 ParOldGen       total 126464K, used 46257K [0x0000000084800000, 0x000000008c380000, 0x00000000d6d80000)
  object space 126464K, 36% used [0x0000000084800000,0x000000008752c780,0x000000008c380000)
 Metaspace       used 40410K, capacity 42274K, committed 42584K, reserved 1085440K
  class space    used 5331K, capacity 5644K, committed 5760K, reserved 1048576K
}
Event: 127.514 GC heap before
{Heap before GC invocations=13 (full 2):
 PSYoungGen      total 201216K, used 201184K [0x00000000d6d80000, 0x00000000e5700000, 0x0000000100000000)
  eden space 180736K, 100% used [0x00000000d6d80000,0x00000000e1e00000,0x00000000e1e00000)
  from space 20480K, 99% used [0x00000000e3780000,0x00000000e4b783f8,0x00000000e4b80000)
  to   space 26112K, 0% used [0x00000000e1e00000,0x00000000e1e00000,0x00000000e3780000)
 ParOldGen       total 126464K, used 46257K [0x0000000084800000, 0x000000008c380000, 0x00000000d6d80000)
  object space 126464K, 36% used [0x0000000084800000,0x000000008752c780,0x000000008c380000)
 Metaspace       used 42038K, capacity 43924K, committed 44248K, reserved 1087488K
  class space    used 5503K, capacity 5791K, committed 5888K, reserved 1048576K

