# JRE version: Java(TM) SE Runtime Environment (8.0_25-b17) (build 1.8.0_25-b17)
# Java VM: Java HotSpot(TM) 64-Bit Server VM (25.25-b02 mixed mode bsd-amd64 compressed oops)
Heap:
 PSYoungGen      total 87040K, used 72755K [0x0000000795580000, 0x000000079e180000, 0x00000007c0000000)
  eden space 81920K, 82% used [0x0000000795580000,0x000000079978e268,0x000000079a580000)
  from space 5120K, 99% used [0x000000079dc80000,0x000000079e17e9f0,0x000000079e180000)
  to   space 5120K, 0% used [0x000000079d780000,0x000000079d780000,0x000000079dc80000)
 ParOldGen       total 96768K, used 29091K [0x0000000740000000, 0x0000000745e80000, 0x0000000795580000)
  object space 96768K, 30% used [0x0000000740000000,0x0000000741c68f28,0x0000000745e80000)
 Metaspace       used 30105K, capacity 31628K, committed 31872K, reserved 1077248K
  class space    used 4170K, capacity 4439K, committed 4480K, reserved 1048576K
GC Heap History (10 events):
Event: 0.520 GC heap before
{Heap before GC invocations=1 (full 0):
 PSYoungGen      total 38400K, used 33280K [0x0000000795580000, 0x0000000798000000, 0x00000007c0000000)
  eden space 33280K, 100% used [0x0000000795580000,0x0000000797600000,0x0000000797600000)
  from space 5120K, 0% used [0x0000000797b00000,0x0000000797b00000,0x0000000798000000)
  to   space 5120K, 0% used [0x0000000797600000,0x0000000797600000,0x0000000797b00000)
 ParOldGen       total 87552K, used 0K [0x0000000740000000, 0x0000000745580000, 0x0000000795580000)
  object space 87552K, 0% used [0x0000000740000000,0x0000000740000000,0x0000000745580000)
 Metaspace       used 6367K, capacity 6494K, committed 6656K, reserved 1056768K
  class space    used 704K, capacity 757K, committed 768K, reserved 1048576K
Event: 0.527 GC heap after
Heap after GC invocations=1 (full 0):
 PSYoungGen      total 38400K, used 4746K [0x0000000795580000, 0x000000079a080000, 0x00000007c0000000)
  eden space 33280K, 0% used [0x0000000795580000,0x0000000795580000,0x0000000797600000)
  from space 5120K, 92% used [0x0000000797600000,0x0000000797aa2ac0,0x0000000797b00000)
  to   space 5120K, 0% used [0x0000000799b80000,0x0000000799b80000,0x000000079a080000)
 ParOldGen       total 87552K, used 8K [0x0000000740000000, 0x0000000745580000, 0x0000000795580000)
  object space 87552K, 0% used [0x0000000740000000,0x0000000740002000,0x0000000745580000)
 Metaspace       used 6367K, capacity 6494K, committed 6656K, reserved 1056768K
  class space    used 704K, capacity 757K, committed 768K, reserved 1048576K
}
Event: 1.448 GC heap before
{Heap before GC invocations=2 (full 0):
 PSYoungGen      total 38400K, used 38026K [0x0000000795580000, 0x000000079a080000, 0x00000007c0000000)
  eden space 33280K, 100% used [0x0000000795580000,0x0000000797600000,0x0000000797600000)
  from space 5120K, 92% used [0x0000000797600000,0x0000000797aa2ac0,0x0000000797b00000)
  to   space 5120K, 0% used [0x0000000799b80000,0x0000000799b80000,0x000000079a080000)
 ParOldGen       total 87552K, used 8K [0x0000000740000000, 0x0000000745580000, 0x0000000795580000)
  object space 87552K, 0% used [0x0000000740000000,0x0000000740002000,0x0000000745580000)
 Metaspace       used 15474K, capacity 15804K, committed 16000K, reserved 1062912K
  class space    used 2020K, capacity 2129K, committed 2176K, reserved 1048576K
Event: 1.460 GC heap after
Heap after GC invocations=2 (full 0):
 PSYoungGen      total 71680K, used 5089K [0x0000000795580000, 0x000000079a080000, 0x00000007c0000000)
  eden space 66560K, 0% used [0x0000000795580000,0x0000000795580000,0x0000000799680000)
  from space 5120K, 99% used [0x0000000799b80000,0x000000079a078510,0x000000079a080000)
  to   space 5120K, 0% used [0x0000000799680000,0x0000000799680000,0x0000000799b80000)
 ParOldGen       total 87552K, used 3313K [0x0000000740000000, 0x0000000745580000, 0x0000000795580000)
  object space 87552K, 3% used [0x0000000740000000,0x000000074033c668,0x0000000745580000)
 Metaspace       used 15474K, capacity 15804K, committed 16000K, reserved 1062912K
  class space    used 2020K, capacity 2129K, committed 2176K, reserved 1048576K
}
Event: 3.061 GC heap before
{Heap before GC invocations=3 (full 0):
 PSYoungGen      total 71680K, used 71597K [0x0000000795580000, 0x000000079a080000, 0x00000007c0000000)
  eden space 66560K, 99% used [0x0000000795580000,0x0000000799672fc8,0x0000000799680000)
  from space 5120K, 99% used [0x0000000799b80000,0x000000079a078510,0x000000079a080000)
  to   space 5120K, 0% used [0x0000000799680000,0x0000000799680000,0x0000000799b80000)
 ParOldGen       total 87552K, used 3313K [0x0000000740000000, 0x0000000745580000, 0x0000000795580000)
  object space 87552K, 3% used [0x0000000740000000,0x000000074033c668,0x0000000745580000)
 Metaspace       used 20504K, capacity 21130K, committed 21248K, reserved 1067008K
  class space    used 2807K, capacity 2964K, committed 3072K, reserved 1048576K
Event: 3.078 GC heap after
Heap after GC invocations=3 (full 0):
 PSYoungGen      total 71680K, used 5096K [0x0000000795580000, 0x000000079e180000, 0x00000007c0000000)
  eden space 66560K, 0% used [0x0000000795580000,0x0000000795580000,0x0000000799680000)
  from space 5120K, 99% used [0x0000000799680000,0x0000000799b7a350,0x0000000799b80000)
  to   space 5120K, 0% used [0x000000079dc80000,0x000000079dc80000,0x000000079e180000)
 ParOldGen       total 87552K, used 18043K [0x0000000740000000, 0x0000000745580000, 0x0000000795580000)
  object space 87552K, 20% used [0x0000000740000000,0x000000074119ecb8,0x0000000745580000)
 Metaspace       used 20504K, capacity 21130K, committed 21248K, reserved 1067008K
  class space    used 2807K, capacity 2964K, committed 3072K, reserved 1048576K
}
Event: 3.078 GC heap before
{Heap before GC invocations=4 (full 1):
 PSYoungGen      total 71680K, used 5096K [0x0000000795580000, 0x000000079e180000, 0x00000007c0000000)
  eden space 66560K, 0% used [0x0000000795580000,0x0000000795580000,0x0000000799680000)
  from space 5120K, 99% used [0x0000000799680000,0x0000000799b7a350,0x0000000799b80000)
  to   space 5120K, 0% used [0x000000079dc80000,0x000000079dc80000,0x000000079e180000)
 ParOldGen       total 87552K, used 18043K [0x0000000740000000, 0x0000000745580000, 0x0000000795580000)
  object space 87552K, 20% used [0x0000000740000000,0x000000074119ecb8,0x0000000745580000)
 Metaspace       used 20504K, capacity 21130K, committed 21248K, reserved 1067008K
  class space    used 2807K, capacity 2964K, committed 3072K, reserved 1048576K
Event: 3.174 GC heap after
Heap after GC invocations=4 (full 1):
 PSYoungGen      total 71680K, used 0K [0x0000000795580000, 0x000000079e180000, 0x00000007c0000000)
  eden space 66560K, 0% used [0x0000000795580000,0x0000000795580000,0x0000000799680000)
  from space 5120K, 0% used [0x0000000799680000,0x0000000799680000,0x0000000799b80000)
  to   space 5120K, 0% used [0x000000079dc80000,0x000000079dc80000,0x000000079e180000)
 ParOldGen       total 96768K, used 22999K [0x0000000740000000, 0x0000000745e80000, 0x0000000795580000)
  object space 96768K, 23% used [0x0000000740000000,0x0000000741675c18,0x0000000745e80000)
 Metaspace       used 20502K, capacity 21128K, committed 21248K, reserved 1067008K
  class space    used 2807K, capacity 2963K, committed 3072K, reserved 1048576K
}
Event: 27.032 GC heap before
{Heap before GC invocations=5 (full 1):
 PSYoungGen      total 71680K, used 66560K [0x0000000795580000, 0x000000079e180000, 0x00000007c0000000)
  eden space 66560K, 100% used [0x0000000795580000,0x0000000799680000,0x0000000799680000)
  from space 5120K, 0% used [0x0000000799680000,0x0000000799680000,0x0000000799b80000)
  to   space 5120K, 0% used [0x000000079dc80000,0x000000079dc80000,0x000000079e180000)
 ParOldGen       total 96768K, used 22999K [0x0000000740000000, 0x0000000745e80000, 0x0000000795580000)
  object space 96768K, 23% used [0x0000000740000000,0x0000000741675c18,0x0000000745e80000)
 Metaspace       used 28753K, capacity 30228K, committed 30464K, reserved 1075200K
  class space    used 3985K, capacity 4257K, committed 4352K, reserved 1048576K
Event: 27.049 GC heap after
Heap after GC invocations=5 (full 1):
 PSYoungGen      total 87040K, used 5114K [0x0000000795580000, 0x000000079e180000, 0x00000007c0000000)
  eden space 81920K, 0% used [0x0000000795580000,0x0000000795580000,0x000000079a580000)
  from space 5120K, 99% used [0x000000079dc80000,0x000000079e17e9f0,0x000000079e180000)
  to   space 5120K, 0% used [0x000000079d780000,0x000000079d780000,0x000000079dc80000)
 ParOldGen       total 96768K, used 29091K [0x0000000740000000, 0x0000000745e80000, 0x0000000795580000)
  object space 96768K, 30% used [0x0000000740000000,0x0000000741c68f28,0x0000000745e80000)
 Metaspace       used 28753K, capacity 30228K, committed 30464K, reserved 1075200K
  class space    used 3985K, capacity 4257K, committed 4352K, reserved 1048576K
}

